Using pre-set license
Built from '2020.3/staging' branch; Version is '2020.3.8f1 (507919d4fff5) revision 5273881'; Using compiler version '192528614'; Build Type 'Release'
OS: 'Windows 10 Home; OS build 19042.1052; Version 2009; 64bit' Language: 'en' Physical Memory: 8066 MB
BatchMode: 1, IsHumanControllingUs: 0, StartBugReporterOnCrash: 0, Is64bit: 1, IsPro: 0

 COMMAND LINE ARGUMENTS:
D:\Unity\2020.3.8f1\Editor\Unity.exe
-adb2
-batchMode
-noUpm
-name
AssetImportWorker0
-projectPath
D:/Unity/Unity_Projects/Programming-Theory-Repo
-logFile
Logs/AssetImportWorker0.log
-srvPort
51307
Successfully changed project path to: D:/Unity/Unity_Projects/Programming-Theory-Repo
D:/Unity/Unity_Projects/Programming-Theory-Repo
Using Asset Import Pipeline V2.
Refreshing native plugins compatible for Editor in 46.85 ms, found 0 plugins.
Preloading 0 native plugins for Editor in 0.00 ms.
Initialize engine version: 2020.3.8f1 (507919d4fff5)
[Subsystems] Discovering subsystems at path D:/Unity/2020.3.8f1/Editor/Data/Resources/UnitySubsystems
[Subsystems] Discovering subsystems at path D:/Unity/Unity_Projects/Programming-Theory-Repo/Assets
GfxDevice: creating device client; threaded=0
Direct3D:
    Version:  Direct3D 11.0 [level 11.1]
    Renderer: NVIDIA GeForce RTX 2070 with Max-Q Design (ID=0x1f50)
    Vendor:   
    VRAM:     8031 MB
    Driver:   27.21.14.6647
Initialize mono
Mono path[0] = 'D:/Unity/2020.3.8f1/Editor/Data/Managed'
Mono path[1] = 'D:/Unity/2020.3.8f1/Editor/Data/MonoBleedingEdge/lib/mono/unityjit'
Mono config path = 'D:/Unity/2020.3.8f1/Editor/Data/MonoBleedingEdge/etc'
Using monoOptions --debugger-agent=transport=dt_socket,embedding=1,server=y,suspend=n,address=127.0.0.1:56512
Begin MonoManager ReloadAssembly
Registering precompiled unity dll's ...
Register platform support module: D:/Unity/2020.3.8f1/Editor/Data/PlaybackEngines/WebGLSupport/UnityEditor.WebGL.Extensions.dll
Register platform support module: D:/Unity/2020.3.8f1/Editor/Data/PlaybackEngines/WindowsStandaloneSupport/UnityEditor.WindowsStandalone.Extensions.dll
Registered in 0.002947 seconds.
Native extension for WindowsStandalone target not found
Native extension for WebGL target not found
Refreshing native plugins compatible for Editor in 44.45 ms, found 0 plugins.
Preloading 0 native plugins for Editor in 0.00 ms.
Mono: successfully reloaded assembly
- Completed reload, in  2.640 seconds
Platform modules already initialized, skipping
Registering precompiled user dll's ...
Registered in 0.001189 seconds.
Begin MonoManager ReloadAssembly
Native extension for WindowsStandalone target not found
Native extension for WebGL target not found
Refreshing native plugins compatible for Editor in 0.36 ms, found 0 plugins.
Preloading 0 native plugins for Editor in 0.00 ms.
Mono: successfully reloaded assembly
- Completed reload, in  1.658 seconds
Platform modules already initialized, skipping
========================================================================
Worker process is ready to serve import requests
Launched and connected shader compiler UnityShaderCompiler.exe after 0.09 seconds
Refreshing native plugins compatible for Editor in 0.35 ms, found 0 plugins.
Preloading 0 native plugins for Editor in 0.00 ms.
Unloading 1115 Unused Serialized files (Serialized files now loaded: 0)
System memory in use before: 57.1 MB.
System memory in use after: 57.1 MB.

Unloading 10 unused Assets to reduce memory usage. Loaded Objects now: 1557.
Total: 2.472400 ms (FindLiveObjects: 0.184900 ms CreateObjectMapping: 0.049900 ms MarkObjects: 2.125000 ms  DeleteObjects: 0.111200 ms)

========================================================================
Received Import Request.
  path: Assets/Scenes/Play.unity
  artifactKey: Guid(9fc0d4010bbf28b4594072e72b8655ab) Importer(815301076,1909f56bfc062723c751e8b465ee728b)
Start importing Assets/Scenes/Play.unity using Guid(9fc0d4010bbf28b4594072e72b8655ab) Importer(815301076,1909f56bfc062723c751e8b465ee728b)  -> (artifact id: '0fd160ef6bef229ba056959593b9fa21') in 0.040588 seconds
  Import took 0.044119 seconds .

========================================================================
Received Import Request.
  Time since last request: 45.302062 seconds.
  path: Assets/Materials
  artifactKey: Guid(6470d361939d22c4ab9117b18f02aac0) Importer(815301076,1909f56bfc062723c751e8b465ee728b)
Start importing Assets/Materials using Guid(6470d361939d22c4ab9117b18f02aac0) Importer(815301076,1909f56bfc062723c751e8b465ee728b)  -> (artifact id: 'c8d394de0eba2997c3ebe88db8a27392') in 0.014995 seconds
  Import took 0.018833 seconds .

========================================================================
Received Import Request.
  Time since last request: 0.001136 seconds.
  path: Assets/Materials
  artifactKey: Guid(6470d361939d22c4ab9117b18f02aac0) Importer(815301076,1909f56bfc062723c751e8b465ee728b)
Start importing Assets/Materials using Guid(6470d361939d22c4ab9117b18f02aac0) Importer(815301076,1909f56bfc062723c751e8b465ee728b)  -> (artifact id: 'c8d394de0eba2997c3ebe88db8a27392') in 0.004712 seconds
  Import took 0.009980 seconds .

========================================================================
Received Import Request.
  Time since last request: 10.445559 seconds.
  path: Assets/Materials/Brown.mat
  artifactKey: Guid(1f099c15247be7f4e9f816515108b85d) Importer(815301076,1909f56bfc062723c751e8b465ee728b)
Start importing Assets/Materials/Brown.mat using Guid(1f099c15247be7f4e9f816515108b85d) Importer(815301076,1909f56bfc062723c751e8b465ee728b)  -> (artifact id: 'a0b2b700032d859204ce9eea8cf23b26') in 0.224175 seconds
  Import took 0.228136 seconds .

========================================================================
Received Import Request.
  Time since last request: 79.098446 seconds.
  path: Assets
  artifactKey: Guid(00000000000000001000000000000000) Importer(815301076,1909f56bfc062723c751e8b465ee728b)
Start importing Assets using Guid(00000000000000001000000000000000) Importer(815301076,1909f56bfc062723c751e8b465ee728b)  -> (artifact id: '42d402b061de3733987d63b9cc3b64de') in 0.013135 seconds
  Import took 0.017128 seconds .

========================================================================
Received Import Request.
  Time since last request: 11.023979 seconds.
  path: Assets/Scripts
  artifactKey: Guid(3bf24d997ab13114dbcfd2bc18a315df) Importer(815301076,1909f56bfc062723c751e8b465ee728b)
Start importing Assets/Scripts using Guid(3bf24d997ab13114dbcfd2bc18a315df) Importer(815301076,1909f56bfc062723c751e8b465ee728b)  -> (artifact id: 'ddf11914ea26eba44e8d24ba6a1d5409') in 0.013255 seconds
  Import took 0.016639 seconds .

========================================================================
Received Import Request.
  Time since last request: 0.003846 seconds.
  path: Assets/Scripts
  artifactKey: Guid(3bf24d997ab13114dbcfd2bc18a315df) Importer(815301076,1909f56bfc062723c751e8b465ee728b)
Start importing Assets/Scripts using Guid(3bf24d997ab13114dbcfd2bc18a315df) Importer(815301076,1909f56bfc062723c751e8b465ee728b)  -> (artifact id: 'ddf11914ea26eba44e8d24ba6a1d5409') in 0.003461 seconds
  Import took 0.007065 seconds .

========================================================================
Received Import Request.
  Time since last request: 13.445246 seconds.
  path: Assets/Scripts/CameraFollow.cs
  artifactKey: Guid(e7b284cbd10dbe84896b4ab1a9846a78) Importer(815301076,1909f56bfc062723c751e8b465ee728b)
Start importing Assets/Scripts/CameraFollow.cs using Guid(e7b284cbd10dbe84896b4ab1a9846a78) Importer(815301076,1909f56bfc062723c751e8b465ee728b)  -> (artifact id: '9ced876984a5d24f1c6b90d90e867b0e') in 0.146138 seconds
  Import took 0.149147 seconds .

========================================================================
Received Prepare
Registering precompiled user dll's ...
Registered in 0.001092 seconds.
Begin MonoManager ReloadAssembly
Native extension for WindowsStandalone target not found
Native extension for WebGL target not found
Refreshing native plugins compatible for Editor in 0.28 ms, found 0 plugins.
Preloading 0 native plugins for Editor in 0.00 ms.
Mono: successfully reloaded assembly
- Completed reload, in  1.657 seconds
Platform modules already initialized, skipping
Refreshing native plugins compatible for Editor in 0.31 ms, found 0 plugins.
Preloading 0 native plugins for Editor in 0.00 ms.
Unloading 1111 Unused Serialized files (Serialized files now loaded: 0)
System memory in use before: 60.4 MB.
System memory in use after: 60.5 MB.

Unloading 5 unused Assets to reduce memory usage. Loaded Objects now: 1601.
Total: 2.615500 ms (FindLiveObjects: 0.173500 ms CreateObjectMapping: 0.048700 ms MarkObjects: 2.315300 ms  DeleteObjects: 0.076000 ms)

========================================================================
Received Prepare
Registering precompiled user dll's ...
Registered in 0.001614 seconds.
Begin MonoManager ReloadAssembly
Native extension for WindowsStandalone target not found
Native extension for WebGL target not found
Refreshing native plugins compatible for Editor in 0.29 ms, found 0 plugins.
Preloading 0 native plugins for Editor in 0.00 ms.
Mono: successfully reloaded assembly
- Completed reload, in  1.644 seconds
Platform modules already initialized, skipping
Refreshing native plugins compatible for Editor in 0.27 ms, found 0 plugins.
Preloading 0 native plugins for Editor in 0.00 ms.
Unloading 1111 Unused Serialized files (Serialized files now loaded: 0)
System memory in use before: 60.4 MB.
System memory in use after: 60.5 MB.

Unloading 5 unused Assets to reduce memory usage. Loaded Objects now: 1604.
Total: 2.475100 ms (FindLiveObjects: 0.194900 ms CreateObjectMapping: 0.050400 ms MarkObjects: 2.154600 ms  DeleteObjects: 0.073200 ms)

========================================================================
Received Prepare
Registering precompiled user dll's ...
Registered in 0.001076 seconds.
Begin MonoManager ReloadAssembly
Native extension for WindowsStandalone target not found
Native extension for WebGL target not found
Refreshing native plugins compatible for Editor in 0.30 ms, found 0 plugins.
Preloading 0 native plugins for Editor in 0.00 ms.
Mono: successfully reloaded assembly
- Completed reload, in  1.604 seconds
Platform modules already initialized, skipping
Refreshing native plugins compatible for Editor in 0.34 ms, found 0 plugins.
Preloading 0 native plugins for Editor in 0.00 ms.
Unloading 1112 Unused Serialized files (Serialized files now loaded: 0)
System memory in use before: 60.4 MB.
System memory in use after: 60.5 MB.

Unloading 5 unused Assets to reduce memory usage. Loaded Objects now: 1608.
Total: 2.754600 ms (FindLiveObjects: 0.188800 ms CreateObjectMapping: 0.049200 ms MarkObjects: 2.446400 ms  DeleteObjects: 0.068800 ms)

========================================================================
Received Import Request.
  Time since last request: 258.491054 seconds.
  path: Assets/Scripts/PlayerController.cs
  artifactKey: Guid(f2365f24ed9e1a0469f150876bcac9e8) Importer(815301076,1909f56bfc062723c751e8b465ee728b)
Start importing Assets/Scripts/PlayerController.cs using Guid(f2365f24ed9e1a0469f150876bcac9e8) Importer(815301076,1909f56bfc062723c751e8b465ee728b)  -> (artifact id: '5a6dda102bd967d34aef1c17c71b23a6') in 0.012896 seconds
  Import took 0.087032 seconds .

========================================================================
Received Prepare
Registering precompiled user dll's ...
Registered in 0.001056 seconds.
Begin MonoManager ReloadAssembly
Native extension for WindowsStandalone target not found
Native extension for WebGL target not found
Refreshing native plugins compatible for Editor in 0.29 ms, found 0 plugins.
Preloading 0 native plugins for Editor in 0.00 ms.
Mono: successfully reloaded assembly
- Completed reload, in  1.726 seconds
Platform modules already initialized, skipping
Refreshing native plugins compatible for Editor in 0.47 ms, found 0 plugins.
Preloading 0 native plugins for Editor in 0.00 ms.
Unloading 1112 Unused Serialized files (Serialized files now loaded: 0)
System memory in use before: 60.5 MB.
System memory in use after: 60.5 MB.

Unloading 5 unused Assets to reduce memory usage. Loaded Objects now: 1611.
Total: 4.131600 ms (FindLiveObjects: 0.238800 ms CreateObjectMapping: 0.073300 ms MarkObjects: 3.697000 ms  DeleteObjects: 0.119200 ms)

========================================================================
Received Prepare
Registering precompiled user dll's ...
Registered in 0.001060 seconds.
Begin MonoManager ReloadAssembly
Native extension for WindowsStandalone target not found
Native extension for WebGL target not found
Refreshing native plugins compatible for Editor in 0.33 ms, found 0 plugins.
Preloading 0 native plugins for Editor in 0.00 ms.
Mono: successfully reloaded assembly
- Completed reload, in  1.630 seconds
Platform modules already initialized, skipping
Refreshing native plugins compatible for Editor in 0.29 ms, found 0 plugins.
Preloading 0 native plugins for Editor in 0.00 ms.
Unloading 1112 Unused Serialized files (Serialized files now loaded: 0)
System memory in use before: 60.5 MB.
System memory in use after: 60.5 MB.

Unloading 5 unused Assets to reduce memory usage. Loaded Objects now: 1614.
Total: 2.544300 ms (FindLiveObjects: 0.172500 ms CreateObjectMapping: 0.047100 ms MarkObjects: 2.246800 ms  DeleteObjects: 0.076500 ms)

========================================================================
Received Prepare
Registering precompiled user dll's ...
Registered in 0.001095 seconds.
Begin MonoManager ReloadAssembly
Native extension for WindowsStandalone target not found
Native extension for WebGL target not found
Refreshing native plugins compatible for Editor in 0.28 ms, found 0 plugins.
Preloading 0 native plugins for Editor in 0.00 ms.
Mono: successfully reloaded assembly
- Completed reload, in  1.451 seconds
Platform modules already initialized, skipping
Refreshing native plugins compatible for Editor in 0.27 ms, found 0 plugins.
Preloading 0 native plugins for Editor in 0.00 ms.
Unloading 1112 Unused Serialized files (Serialized files now loaded: 0)
System memory in use before: 60.5 MB.
System memory in use after: 60.5 MB.

Unloading 5 unused Assets to reduce memory usage. Loaded Objects now: 1617.
Total: 2.814500 ms (FindLiveObjects: 0.215100 ms CreateObjectMapping: 0.050500 ms MarkObjects: 2.473100 ms  DeleteObjects: 0.074400 ms)

========================================================================
Received Import Request.
  Time since last request: 314.954315 seconds.
  path: Assets/Prefabs
  artifactKey: Guid(72830fc9118762a449d5b5c863fdb62c) Importer(815301076,1909f56bfc062723c751e8b465ee728b)
Start importing Assets/Prefabs using Guid(72830fc9118762a449d5b5c863fdb62c) Importer(815301076,1909f56bfc062723c751e8b465ee728b)  -> (artifact id: '0505d54a121916e95fd3d6d9b4188e30') in 0.012182 seconds
  Import took 0.026251 seconds .

========================================================================
Received Import Request.
  Time since last request: 43.160142 seconds.
  path: Assets/Materials/Blue.mat
  artifactKey: Guid(b94262c015c32d142bdaac2ca3c37b7d) Importer(815301076,1909f56bfc062723c751e8b465ee728b)
Start importing Assets/Materials/Blue.mat using Guid(b94262c015c32d142bdaac2ca3c37b7d) Importer(815301076,1909f56bfc062723c751e8b465ee728b)  -> (artifact id: 'b22908014005531e5c2dde8d70c60f02') in 0.122819 seconds
  Import took 0.147941 seconds .

========================================================================
Received Import Request.
  Time since last request: 37.056357 seconds.
  path: Assets/Scripts/BaseEnemy.cs
  artifactKey: Guid(7b6f9b0795fc78044bff9a8cb775277b) Importer(815301076,1909f56bfc062723c751e8b465ee728b)
Start importing Assets/Scripts/BaseEnemy.cs using Guid(7b6f9b0795fc78044bff9a8cb775277b) Importer(815301076,1909f56bfc062723c751e8b465ee728b)  -> (artifact id: 'fdf39a5f9fa9f2db06220d27507a4d70') in 0.022043 seconds
  Import took 0.078907 seconds .

========================================================================
Received Prepare
Registering precompiled user dll's ...
Registered in 0.001042 seconds.
Begin MonoManager ReloadAssembly
Native extension for WindowsStandalone target not found
Native extension for WebGL target not found
Refreshing native plugins compatible for Editor in 0.30 ms, found 0 plugins.
Preloading 0 native plugins for Editor in 0.00 ms.
Mono: successfully reloaded assembly
- Completed reload, in  1.628 seconds
Platform modules already initialized, skipping
Refreshing native plugins compatible for Editor in 1.25 ms, found 0 plugins.
Preloading 0 native plugins for Editor in 0.00 ms.
Unloading 1113 Unused Serialized files (Serialized files now loaded: 0)
System memory in use before: 60.5 MB.
System memory in use after: 60.6 MB.

Unloading 5 unused Assets to reduce memory usage. Loaded Objects now: 1622.
Total: 5.671000 ms (FindLiveObjects: 0.387200 ms CreateObjectMapping: 0.190500 ms MarkObjects: 4.939400 ms  DeleteObjects: 0.150400 ms)

========================================================================
Received Import Request.
  Time since last request: 170.567293 seconds.
  path: Assets/Prefabs/Base Enemy.prefab
  artifactKey: Guid(e5d8c1f932fc0514a9f3d4fad3b64959) Importer(815301076,1909f56bfc062723c751e8b465ee728b)
Start importing Assets/Prefabs/Base Enemy.prefab using Guid(e5d8c1f932fc0514a9f3d4fad3b64959) Importer(815301076,1909f56bfc062723c751e8b465ee728b)  -> (artifact id: 'f0fbb28e9301752a240574210d7a3b1d') in 0.231753 seconds
  Import took 0.236616 seconds .

========================================================================
Received Import Request.
  Time since last request: 58.738321 seconds.
  path: Assets/Scripts/Warrior.cs
  artifactKey: Guid(bf496b4d682cc4044bfe7027d8c3f058) Importer(815301076,1909f56bfc062723c751e8b465ee728b)
Start importing Assets/Scripts/Warrior.cs using Guid(bf496b4d682cc4044bfe7027d8c3f058) Importer(815301076,1909f56bfc062723c751e8b465ee728b)  -> (artifact id: '4dac2680f71b08ded500f6dd80203b4c') in 0.011994 seconds
  Import took 0.559974 seconds .

========================================================================
Received Prepare
Registering precompiled user dll's ...
Registered in 0.001565 seconds.
Begin MonoManager ReloadAssembly
Native extension for WindowsStandalone target not found
Native extension for WebGL target not found
Refreshing native plugins compatible for Editor in 0.32 ms, found 0 plugins.
Preloading 0 native plugins for Editor in 0.00 ms.
Mono: successfully reloaded assembly
- Completed reload, in  1.838 seconds
Platform modules already initialized, skipping
Refreshing native plugins compatible for Editor in 0.48 ms, found 0 plugins.
Preloading 0 native plugins for Editor in 0.00 ms.
Unloading 1114 Unused Serialized files (Serialized files now loaded: 0)
System memory in use before: 60.6 MB.
System memory in use after: 60.6 MB.

Unloading 5 unused Assets to reduce memory usage. Loaded Objects now: 1628.
Total: 2.945900 ms (FindLiveObjects: 0.340400 ms CreateObjectMapping: 0.079700 ms MarkObjects: 2.423100 ms  DeleteObjects: 0.099100 ms)

========================================================================
Received Prepare
Registering precompiled user dll's ...
Registered in 0.001076 seconds.
Begin MonoManager ReloadAssembly
Native extension for WindowsStandalone target not found
Native extension for WebGL target not found
Refreshing native plugins compatible for Editor in 0.29 ms, found 0 plugins.
Preloading 0 native plugins for Editor in 0.00 ms.
Mono: successfully reloaded assembly
- Completed reload, in  1.715 seconds
Platform modules already initialized, skipping
Refreshing native plugins compatible for Editor in 0.31 ms, found 0 plugins.
Preloading 0 native plugins for Editor in 0.00 ms.
Unloading 1114 Unused Serialized files (Serialized files now loaded: 0)
System memory in use before: 60.6 MB.
System memory in use after: 60.6 MB.

Unloading 5 unused Assets to reduce memory usage. Loaded Objects now: 1631.
Total: 3.149200 ms (FindLiveObjects: 0.202300 ms CreateObjectMapping: 0.055600 ms MarkObjects: 2.812300 ms  DeleteObjects: 0.077700 ms)

========================================================================
Received Prepare
Registering precompiled user dll's ...
Registered in 0.001110 seconds.
Begin MonoManager ReloadAssembly
Native extension for WindowsStandalone target not found
Native extension for WebGL target not found
Refreshing native plugins compatible for Editor in 0.28 ms, found 0 plugins.
Preloading 0 native plugins for Editor in 0.00 ms.
Mono: successfully reloaded assembly
- Completed reload, in  1.594 seconds
Platform modules already initialized, skipping
Refreshing native plugins compatible for Editor in 0.31 ms, found 0 plugins.
Preloading 0 native plugins for Editor in 0.00 ms.
Unloading 1114 Unused Serialized files (Serialized files now loaded: 0)
System memory in use before: 60.6 MB.
System memory in use after: 60.6 MB.

Unloading 5 unused Assets to reduce memory usage. Loaded Objects now: 1634.
Total: 2.560300 ms (FindLiveObjects: 0.187900 ms CreateObjectMapping: 0.052100 ms MarkObjects: 2.239900 ms  DeleteObjects: 0.078900 ms)

========================================================================
Received Import Request.
  Time since last request: 507.478207 seconds.
  path: Assets/Scripts/Warrior.cs
  artifactKey: Guid(bf496b4d682cc4044bfe7027d8c3f058) Importer(815301076,1909f56bfc062723c751e8b465ee728b)
Start importing Assets/Scripts/Warrior.cs using Guid(bf496b4d682cc4044bfe7027d8c3f058) Importer(815301076,1909f56bfc062723c751e8b465ee728b)  -> (artifact id: 'd5fce615fa8c9df60fcc806538f54df6') in 0.006271 seconds
  Import took 0.119539 seconds .

========================================================================
Received Import Request.
  Time since last request: 11.530063 seconds.
  path: Assets/Materials/Green.mat
  artifactKey: Guid(806c248654e59db408c3e6dea4500729) Importer(815301076,1909f56bfc062723c751e8b465ee728b)
Start importing Assets/Materials/Green.mat using Guid(806c248654e59db408c3e6dea4500729) Importer(815301076,1909f56bfc062723c751e8b465ee728b)  -> (artifact id: '8e66655928c425079bf132e0e1306671') in 0.113035 seconds
  Import took 0.213695 seconds .

========================================================================
Received Import Request.
  Time since last request: 45.399067 seconds.
  path: Assets/Prefabs/Warrior.prefab
  artifactKey: Guid(7faf8ae0badfb7d41928ca21737be2f4) Importer(815301076,1909f56bfc062723c751e8b465ee728b)
Start importing Assets/Prefabs/Warrior.prefab using Guid(7faf8ae0badfb7d41928ca21737be2f4) Importer(815301076,1909f56bfc062723c751e8b465ee728b)  -> (artifact id: '20bc2a57414d7cabd217af2177c991a2') in 0.037843 seconds
  Import took 0.057838 seconds .

========================================================================
Received Prepare
Registering precompiled user dll's ...
Registered in 0.001105 seconds.
Begin MonoManager ReloadAssembly
Native extension for WindowsStandalone target not found
Native extension for WebGL target not found
Refreshing native plugins compatible for Editor in 0.36 ms, found 0 plugins.
Preloading 0 native plugins for Editor in 0.00 ms.
Mono: successfully reloaded assembly
- Completed reload, in  1.523 seconds
Platform modules already initialized, skipping
Refreshing native plugins compatible for Editor in 0.27 ms, found 0 plugins.
Preloading 0 native plugins for Editor in 0.00 ms.
Unloading 1114 Unused Serialized files (Serialized files now loaded: 0)
System memory in use before: 60.6 MB.
System memory in use after: 60.6 MB.

Unloading 5 unused Assets to reduce memory usage. Loaded Objects now: 1638.
Total: 2.795000 ms (FindLiveObjects: 0.191000 ms CreateObjectMapping: 0.055500 ms MarkObjects: 2.476200 ms  DeleteObjects: 0.071100 ms)

========================================================================
Received Import Request.
  Time since last request: 132.773104 seconds.
  path: Assets/Scripts/Score.cs
  artifactKey: Guid(6da172b5ee9f99346aff8b8f3953f3a2) Importer(815301076,1909f56bfc062723c751e8b465ee728b)
Start importing Assets/Scripts/Score.cs using Guid(6da172b5ee9f99346aff8b8f3953f3a2) Importer(815301076,1909f56bfc062723c751e8b465ee728b)  -> (artifact id: 'da17d0217eb50eeb626b19ee7835164a') in 0.015341 seconds
  Import took 0.044653 seconds .

========================================================================
Received Prepare
Registering precompiled user dll's ...
Registered in 0.001065 seconds.
Begin MonoManager ReloadAssembly
Native extension for WindowsStandalone target not found
Native extension for WebGL target not found
Refreshing native plugins compatible for Editor in 0.32 ms, found 0 plugins.
Preloading 0 native plugins for Editor in 0.00 ms.
Mono: successfully reloaded assembly
- Completed reload, in  1.672 seconds
Platform modules already initialized, skipping
Refreshing native plugins compatible for Editor in 0.31 ms, found 0 plugins.
Preloading 0 native plugins for Editor in 0.00 ms.
Unloading 1115 Unused Serialized files (Serialized files now loaded: 0)
System memory in use before: 60.6 MB.
System memory in use after: 60.7 MB.

Unloading 5 unused Assets to reduce memory usage. Loaded Objects now: 1642.
Total: 3.235800 ms (FindLiveObjects: 0.471100 ms CreateObjectMapping: 0.167000 ms MarkObjects: 2.450900 ms  DeleteObjects: 0.144500 ms)

========================================================================
Received Prepare
Registering precompiled user dll's ...
Registered in 0.001174 seconds.
Begin MonoManager ReloadAssembly
Native extension for WindowsStandalone target not found
Native extension for WebGL target not found
Refreshing native plugins compatible for Editor in 0.28 ms, found 0 plugins.
Preloading 0 native plugins for Editor in 0.00 ms.
Mono: successfully reloaded assembly
- Completed reload, in  1.608 seconds
Platform modules already initialized, skipping
Refreshing native plugins compatible for Editor in 0.39 ms, found 0 plugins.
Preloading 0 native plugins for Editor in 0.00 ms.
Unloading 1115 Unused Serialized files (Serialized files now loaded: 0)
System memory in use before: 60.6 MB.
System memory in use after: 60.7 MB.

Unloading 5 unused Assets to reduce memory usage. Loaded Objects now: 1645.
Total: 4.420900 ms (FindLiveObjects: 0.177900 ms CreateObjectMapping: 0.049100 ms MarkObjects: 4.113800 ms  DeleteObjects: 0.078300 ms)

========================================================================
Received Import Request.
  Time since last request: 185.484140 seconds.
  path: Assets/Scripts/Score.cs
  artifactKey: Guid(6da172b5ee9f99346aff8b8f3953f3a2) Importer(815301076,1909f56bfc062723c751e8b465ee728b)
Start importing Assets/Scripts/Score.cs using Guid(6da172b5ee9f99346aff8b8f3953f3a2) Importer(815301076,1909f56bfc062723c751e8b465ee728b)  -> (artifact id: '0f15ea7e966127f3586082a873c2be46') in 0.005592 seconds
  Import took 0.008442 seconds .

